build/app/intermediates/manifest_merge_blame_file/release/manifest-merger-blame-release-report.txt
1<?xml version="1.0" encoding="utf-8"?>
2<manifest xmlns:android="http://schemas.android.com/apk/res/android"
3    package="com.xplore24.ekottro"
4    android:versionCode="9"
5    android:versionName="1.0.8" >
6
7    <uses-sdk
8        android:minSdkVersion="23"
8-->src\main\AndroidManifest.xml
9        android:targetSdkVersion="29" />
9-->src\main\AndroidManifest.xml
10    <!--
11         io.flutter.app.FlutterApplication is an android.app.Application that
12         calls FlutterMain.startInitialization(this); in its onCreate method.
13         In most cases you can leave this as-is, but you if you want to provide
14         additional functionality it is fine to subclass or reimplement
15         FlutterApplication and put your custom class here.
16    -->
17
18    <uses-permission android:name="android.permission.QUERY_ALL_PACKAGES" />
18-->src\main\AndroidManifest.xml:10:10-81
18-->src\main\AndroidManifest.xml:10:27-79
19    <uses-permission android:name="android.permission.INTERNET" />
19-->[:firebase_messaging] AndroidManifest.xml:7:5-67
19-->[:firebase_messaging] AndroidManifest.xml:7:22-64
20    <uses-permission android:name="android.permission.WAKE_LOCK" />
20-->[:firebase_messaging] AndroidManifest.xml:8:5-68
20-->[:firebase_messaging] AndroidManifest.xml:8:22-65
21    <uses-permission android:name="android.permission.ACCESS_NETWORK_STATE" />
21-->[:firebase_messaging] AndroidManifest.xml:9:5-79
21-->[:firebase_messaging] AndroidManifest.xml:9:22-76
22
23    <queries>
23-->[:map_launcher] AndroidManifest.xml:7:5-20:15
24        <package android:name="com.google.android.apps.maps" />
24-->[:map_launcher] AndroidManifest.xml:8:9-64
24-->[:map_launcher] AndroidManifest.xml:8:18-61
25        <package android:name="com.google.android.apps.mapslite" />
25-->[:map_launcher] AndroidManifest.xml:9:9-68
25-->[:map_launcher] AndroidManifest.xml:9:18-65
26        <package android:name="com.autonavi.minimap" />
26-->[:map_launcher] AndroidManifest.xml:10:9-56
26-->[:map_launcher] AndroidManifest.xml:10:18-53
27        <package android:name="com.baidu.BaiduMap" />
27-->[:map_launcher] AndroidManifest.xml:11:9-54
27-->[:map_launcher] AndroidManifest.xml:11:18-51
28        <package android:name="com.waze" />
28-->[:map_launcher] AndroidManifest.xml:12:9-44
28-->[:map_launcher] AndroidManifest.xml:12:18-41
29        <package android:name="ru.yandex.yandexnavi" />
29-->[:map_launcher] AndroidManifest.xml:13:9-56
29-->[:map_launcher] AndroidManifest.xml:13:18-53
30        <package android:name="ru.yandex.yandexmaps" />
30-->[:map_launcher] AndroidManifest.xml:14:9-56
30-->[:map_launcher] AndroidManifest.xml:14:18-53
31        <package android:name="com.citymapper.app.release" />
31-->[:map_launcher] AndroidManifest.xml:15:9-62
31-->[:map_launcher] AndroidManifest.xml:15:18-59
32        <package android:name="com.mapswithme.maps.pro" />
32-->[:map_launcher] AndroidManifest.xml:16:9-59
32-->[:map_launcher] AndroidManifest.xml:16:18-56
33        <package android:name="net.osmand" />
33-->[:map_launcher] AndroidManifest.xml:17:9-46
33-->[:map_launcher] AndroidManifest.xml:17:18-43
34        <package android:name="ru.dublgis.dgismobile" />
34-->[:map_launcher] AndroidManifest.xml:18:9-57
34-->[:map_launcher] AndroidManifest.xml:18:18-54
35        <package android:name="com.tencent.map" />
35-->[:map_launcher] AndroidManifest.xml:19:9-51
35-->[:map_launcher] AndroidManifest.xml:19:18-48
36    </queries>
37
38    <uses-permission android:name="android.permission.WRITE_EXTERNAL_STORAGE" />
38-->[:photo_manager] AndroidManifest.xml:7:5-81
38-->[:photo_manager] AndroidManifest.xml:7:22-78
39    <uses-permission android:name="android.permission.READ_EXTERNAL_STORAGE" />
39-->[:photo_manager] AndroidManifest.xml:8:5-80
39-->[:photo_manager] AndroidManifest.xml:8:22-77
40    <uses-permission android:name="android.permission.ACCESS_MEDIA_LOCATION" /> <!-- Samsung Badge -->
40-->[:photo_manager] AndroidManifest.xml:9:5-80
40-->[:photo_manager] AndroidManifest.xml:9:22-77
41    <uses-permission android:name="com.sec.android.provider.badge.permission.READ" />
41-->[:awesome_notifications] AndroidManifest.xml:8:5-86
41-->[:awesome_notifications] AndroidManifest.xml:8:22-83
42    <uses-permission android:name="com.sec.android.provider.badge.permission.WRITE" /> <!-- Sony Badge -->
42-->[:awesome_notifications] AndroidManifest.xml:9:5-87
42-->[:awesome_notifications] AndroidManifest.xml:9:22-84
43    <uses-permission android:name="com.sonyericsson.home.permission.BROADCAST_BADGE" /> <!-- HTC Badge -->
43-->[:awesome_notifications] AndroidManifest.xml:12:5-88
43-->[:awesome_notifications] AndroidManifest.xml:12:22-85
44    <uses-permission android:name="com.htc.launcher.permission.READ_SETTINGS" />
44-->[:awesome_notifications] AndroidManifest.xml:15:5-81
44-->[:awesome_notifications] AndroidManifest.xml:15:22-78
45    <uses-permission android:name="com.htc.launcher.permission.UPDATE_SHORTCUT" />
45-->[:awesome_notifications] AndroidManifest.xml:16:5-83
45-->[:awesome_notifications] AndroidManifest.xml:16:22-80
46    <uses-permission android:name="android.permission.RECEIVE_BOOT_COMPLETED" />
46-->[:awesome_notifications] AndroidManifest.xml:17:5-81
46-->[:awesome_notifications] AndroidManifest.xml:17:22-78
47    <uses-permission android:name="android.permission.ACCESS_COARSE_LOCATION" />
47-->[:location] AndroidManifest.xml:7:5-81
47-->[:location] AndroidManifest.xml:7:22-78
48    <uses-permission android:name="android.permission.ACCESS_FINE_LOCATION" /> <!-- Required by older versions of Google Play services to create IID tokens -->
48-->[:location] AndroidManifest.xml:8:5-79
48-->[:location] AndroidManifest.xml:8:22-76
49    <uses-permission android:name="com.google.android.c2dm.permission.RECEIVE" />
49-->[com.google.firebase:firebase-messaging:22.0.0] AndroidManifest.xml:25:5-82
49-->[com.google.firebase:firebase-messaging:22.0.0] AndroidManifest.xml:25:22-79
50
51    <uses-feature
51-->[com.google.android.gms:play-services-maps:17.0.0] AndroidManifest.xml:26:5-28:35
52        android:glEsVersion="0x00020000"
52-->[com.google.android.gms:play-services-maps:17.0.0] AndroidManifest.xml:27:9-41
53        android:required="true" />
53-->[com.google.android.gms:play-services-maps:17.0.0] AndroidManifest.xml:28:9-32
54
55    <uses-permission android:name="android.permission.CAMERA" /> <!-- Don't require camera, as this requires a rear camera. This allows it to work on the Nexus 7 -->
55-->[com.journeyapps:zxing-android-embedded:4.1.0] AndroidManifest.xml:22:5-65
55-->[com.journeyapps:zxing-android-embedded:4.1.0] AndroidManifest.xml:22:22-62
56    <uses-feature
56-->[com.journeyapps:zxing-android-embedded:4.1.0] AndroidManifest.xml:25:5-27:36
57        android:name="android.hardware.camera"
57-->[com.journeyapps:zxing-android-embedded:4.1.0] AndroidManifest.xml:26:9-47
58        android:required="false" />
58-->[com.journeyapps:zxing-android-embedded:4.1.0] AndroidManifest.xml:27:9-33
59    <uses-feature
59-->[com.journeyapps:zxing-android-embedded:4.1.0] AndroidManifest.xml:28:5-30:36
60        android:name="android.hardware.camera.front"
60-->[com.journeyapps:zxing-android-embedded:4.1.0] AndroidManifest.xml:29:9-53
61        android:required="false" /> <!-- TODO replace above two with next line after Android 4.2 -->
61-->[com.journeyapps:zxing-android-embedded:4.1.0] AndroidManifest.xml:30:9-33
62    <!-- <uses-feature android:name="android.hardware.camera.any"/> -->
63    <uses-feature
63-->[com.journeyapps:zxing-android-embedded:4.1.0] AndroidManifest.xml:33:5-35:36
64        android:name="android.hardware.camera.autofocus"
64-->[com.journeyapps:zxing-android-embedded:4.1.0] AndroidManifest.xml:34:9-57
65        android:required="false" />
65-->[com.journeyapps:zxing-android-embedded:4.1.0] AndroidManifest.xml:35:9-33
66    <uses-feature
66-->[com.journeyapps:zxing-android-embedded:4.1.0] AndroidManifest.xml:36:5-38:36
67        android:name="android.hardware.camera.flash"
67-->[com.journeyapps:zxing-android-embedded:4.1.0] AndroidManifest.xml:37:9-53
68        android:required="false" />
68-->[com.journeyapps:zxing-android-embedded:4.1.0] AndroidManifest.xml:38:9-33
69    <uses-feature
69-->[com.journeyapps:zxing-android-embedded:4.1.0] AndroidManifest.xml:39:5-41:36
70        android:name="android.hardware.screen.landscape"
70-->[com.journeyapps:zxing-android-embedded:4.1.0] AndroidManifest.xml:40:9-57
71        android:required="false" />
71-->[com.journeyapps:zxing-android-embedded:4.1.0] AndroidManifest.xml:41:9-33
72    <uses-feature
72-->[com.journeyapps:zxing-android-embedded:4.1.0] AndroidManifest.xml:42:5-44:36
73        android:name="android.hardware.wifi"
73-->[com.journeyapps:zxing-android-embedded:4.1.0] AndroidManifest.xml:43:9-45
74        android:required="false" /> <!-- Permission will be merged into the manifest of the hosting app. -->
74-->[com.journeyapps:zxing-android-embedded:4.1.0] AndroidManifest.xml:44:9-33
75    <!-- Is required to launch foreground extraction service for targetSdkVersion 28+. -->
76    <uses-permission android:name="android.permission.FOREGROUND_SERVICE" />
76-->[com.google.android.play:core:1.9.1] AndroidManifest.xml:8:3-74
76-->[com.google.android.play:core:1.9.1] AndroidManifest.xml:8:20-72
77
78    <application
78-->src\main\AndroidManifest.xml:14:5-73:19
79        android:name="io.flutter.app.FlutterApplication"
79-->src\main\AndroidManifest.xml:15:9-57
80        android:appComponentFactory="androidx.core.app.CoreComponentFactory"
80-->[androidx.core:core:1.6.0] AndroidManifest.xml:24:18-86
81        android:extractNativeLibs="false"
82        android:icon="@mipmap/launcher_icon"
82-->src\main\AndroidManifest.xml:19:9-45
83        android:label="Ekottro"
83-->src\main\AndroidManifest.xml:16:9-32
84        android:requestLegacyExternalStorage="true"
84-->src\main\AndroidManifest.xml:18:9-52
85        android:usesCleartextTraffic="true" >
85-->src\main\AndroidManifest.xml:17:9-44
86        <activity
86-->src\main\AndroidManifest.xml:21:9-64:20
87            android:name="com.xplore24.ekottro.MainActivity"
87-->src\main\AndroidManifest.xml:22:13-41
88            android:configChanges="orientation|keyboardHidden|keyboard|screenSize|smallestScreenSize|locale|layoutDirection|fontScale|screenLayout|density|uiMode"
88-->src\main\AndroidManifest.xml:25:13-163
89            android:hardwareAccelerated="true"
89-->src\main\AndroidManifest.xml:26:13-47
90            android:launchMode="singleTop"
90-->src\main\AndroidManifest.xml:23:13-43
91            android:theme="@style/LaunchTheme"
91-->src\main\AndroidManifest.xml:24:13-47
92            android:windowSoftInputMode="adjustResize" >
92-->src\main\AndroidManifest.xml:27:13-55
93
94            <!--
95                 Specifies an Android theme to apply to this Activity as soon as
96                 the Android process has started. This theme is visible to the user
97                 while the Flutter UI initializes. After that, this theme continues
98                 to determine the Window background behind the Flutter UI.
99            -->
100            <meta-data
100-->src\main\AndroidManifest.xml:32:13-35:17
101                android:name="io.flutter.embedding.android.NormalTheme"
101-->src\main\AndroidManifest.xml:33:15-70
102                android:resource="@style/NormalTheme" />
102-->src\main\AndroidManifest.xml:34:15-52
103            <!--
104                 Displays an Android View that continues showing the launch screen
105                 Drawable until Flutter paints its first frame, then this splash
106                 screen fades out. A splash screen is useful to avoid any visual
107                 gap between the end of Android's launch screen and the painting of
108                 Flutter's first frame.
109            -->
110            <meta-data
110-->src\main\AndroidManifest.xml:41:13-44:17
111                android:name="io.flutter.embedding.android.SplashScreenDrawable"
111-->src\main\AndroidManifest.xml:42:15-79
112                android:resource="@drawable/launch_background" />
112-->src\main\AndroidManifest.xml:43:15-61
113
114            <!-- Firebase notification -->
115            <meta-data
115-->src\main\AndroidManifest.xml:47:13-49:58
116                android:name="com.google.firebase.messaging.default_notification_channel_id"
116-->src\main\AndroidManifest.xml:48:17-93
117                android:value="high_importance_channel" />
117-->src\main\AndroidManifest.xml:49:17-56
118            <meta-data
118-->src\main\AndroidManifest.xml:51:13-53:64
119                android:name="com.google.firebase.messaging.default_notification_icon"
119-->src\main\AndroidManifest.xml:52:17-87
120                android:resource="@mipmap/notification_icon" />
120-->src\main\AndroidManifest.xml:53:17-61
121
122            <intent-filter>
122-->src\main\AndroidManifest.xml:55:13-58:29
123                <action android:name="android.intent.action.MAIN" />
123-->src\main\AndroidManifest.xml:56:17-68
123-->src\main\AndroidManifest.xml:56:25-66
124
125                <category android:name="android.intent.category.LAUNCHER" />
125-->src\main\AndroidManifest.xml:57:17-76
125-->src\main\AndroidManifest.xml:57:27-74
126            </intent-filter>
127            <intent-filter>
127-->src\main\AndroidManifest.xml:60:13-63:29
128                <action android:name="FLUTTER_NOTIFICATION_CLICK" />
128-->src\main\AndroidManifest.xml:61:17-69
128-->src\main\AndroidManifest.xml:61:25-66
129
130                <category android:name="android.intent.category.DEFAULT" />
130-->src\main\AndroidManifest.xml:62:17-76
130-->src\main\AndroidManifest.xml:62:27-73
131            </intent-filter>
132        </activity>
133        <!--
134             Don't delete the meta-data below.
135             This is used by the Flutter tool to generate GeneratedPluginRegistrant.java
136        -->
137        <meta-data
137-->src\main\AndroidManifest.xml:67:9-69:33
138            android:name="flutterEmbedding"
138-->src\main\AndroidManifest.xml:68:13-44
139            android:value="2" />
139-->src\main\AndroidManifest.xml:69:13-30
140        <meta-data
140-->src\main\AndroidManifest.xml:71:9-72:73
141            android:name="com.google.android.geo.API_KEY"
141-->src\main\AndroidManifest.xml:71:20-65
142            android:value="AIzaSyDtCnYl08qSgsm-LuBJFcUGoaIpr87XBHw" />
142-->src\main\AndroidManifest.xml:72:16-71
143
144        <service
144-->[:firebase_messaging] AndroidManifest.xml:12:9-15:72
145            android:name="io.flutter.plugins.firebase.messaging.FlutterFirebaseMessagingBackgroundService"
145-->[:firebase_messaging] AndroidManifest.xml:13:13-107
146            android:exported="false"
146-->[:firebase_messaging] AndroidManifest.xml:14:13-37
147            android:permission="android.permission.BIND_JOB_SERVICE" />
147-->[:firebase_messaging] AndroidManifest.xml:15:13-69
148        <service
148-->[:firebase_messaging] AndroidManifest.xml:16:9-22:19
149            android:name="io.flutter.plugins.firebase.messaging.FlutterFirebaseMessagingService"
149-->[:firebase_messaging] AndroidManifest.xml:17:13-97
150            android:exported="false" >
150-->[:firebase_messaging] AndroidManifest.xml:18:13-37
151            <intent-filter>
151-->[:firebase_messaging] AndroidManifest.xml:19:13-21:29
152                <action android:name="com.google.firebase.MESSAGING_EVENT" />
152-->[:firebase_messaging] AndroidManifest.xml:20:17-78
152-->[:firebase_messaging] AndroidManifest.xml:20:25-75
153            </intent-filter>
154        </service>
155
156        <receiver
156-->[:firebase_messaging] AndroidManifest.xml:24:9-31:20
157            android:name="io.flutter.plugins.firebase.messaging.FlutterFirebaseMessagingReceiver"
157-->[:firebase_messaging] AndroidManifest.xml:25:13-98
158            android:exported="true"
158-->[:firebase_messaging] AndroidManifest.xml:26:13-36
159            android:permission="com.google.android.c2dm.permission.SEND" >
159-->[:firebase_messaging] AndroidManifest.xml:27:13-73
160            <intent-filter>
160-->[:firebase_messaging] AndroidManifest.xml:28:13-30:29
161                <action android:name="com.google.android.c2dm.intent.RECEIVE" />
161-->[:firebase_messaging] AndroidManifest.xml:29:17-81
161-->[:firebase_messaging] AndroidManifest.xml:29:25-78
162            </intent-filter>
163        </receiver>
164
165        <service
165-->[:firebase_messaging] AndroidManifest.xml:33:9-37:19
166            android:name="com.google.firebase.components.ComponentDiscoveryService"
166-->[:firebase_messaging] AndroidManifest.xml:33:18-89
167            android:directBootAware="true"
167-->[com.google.firebase:firebase-common:20.0.0] AndroidManifest.xml:35:13-43
168            android:exported="false" >
168-->[com.google.firebase:firebase-auth-ktx:21.0.1] AndroidManifest.xml:10:13-37
169            <meta-data
169-->[:firebase_messaging] AndroidManifest.xml:34:13-36:85
170                android:name="com.google.firebase.components:io.flutter.plugins.firebase.messaging.FlutterFirebaseAppRegistrar"
170-->[:firebase_messaging] AndroidManifest.xml:35:17-128
171                android:value="com.google.firebase.components.ComponentRegistrar" />
171-->[:firebase_messaging] AndroidManifest.xml:36:17-82
172            <meta-data
172-->[:cloud_firestore] AndroidManifest.xml:9:13-11:85
173                android:name="com.google.firebase.components:io.flutter.plugins.firebase.firestore.FlutterFirebaseFirestoreRegistrar"
173-->[:cloud_firestore] AndroidManifest.xml:10:17-134
174                android:value="com.google.firebase.components.ComponentRegistrar" />
174-->[:cloud_firestore] AndroidManifest.xml:11:17-82
175            <meta-data
175-->[:firebase_auth] AndroidManifest.xml:9:13-11:85
176                android:name="com.google.firebase.components:io.flutter.plugins.firebase.auth.FlutterFirebaseAuthRegistrar"
176-->[:firebase_auth] AndroidManifest.xml:10:17-124
177                android:value="com.google.firebase.components.ComponentRegistrar" />
177-->[:firebase_auth] AndroidManifest.xml:11:17-82
178            <meta-data
178-->[:firebase_storage] AndroidManifest.xml:9:13-11:85
179                android:name="com.google.firebase.components:io.flutter.plugins.firebase.storage.FlutterFirebaseAppRegistrar"
179-->[:firebase_storage] AndroidManifest.xml:10:17-126
180                android:value="com.google.firebase.components.ComponentRegistrar" />
180-->[:firebase_storage] AndroidManifest.xml:11:17-82
181            <meta-data
181-->[:firebase_core] AndroidManifest.xml:9:13-11:85
182                android:name="com.google.firebase.components:io.flutter.plugins.firebase.core.FlutterFirebaseCoreRegistrar"
182-->[:firebase_core] AndroidManifest.xml:10:17-124
183                android:value="com.google.firebase.components.ComponentRegistrar" />
183-->[:firebase_core] AndroidManifest.xml:11:17-82
184            <meta-data
184-->[com.google.firebase:firebase-auth-ktx:21.0.1] AndroidManifest.xml:11:13-13:85
185                android:name="com.google.firebase.components:com.google.firebase.auth.ktx.FirebaseAuthKtxRegistrar"
185-->[com.google.firebase:firebase-auth-ktx:21.0.1] AndroidManifest.xml:12:17-116
186                android:value="com.google.firebase.components.ComponentRegistrar" />
186-->[com.google.firebase:firebase-auth-ktx:21.0.1] AndroidManifest.xml:13:17-82
187            <meta-data
187-->[com.google.firebase:firebase-messaging-ktx:22.0.0] AndroidManifest.xml:29:13-31:85
188                android:name="com.google.firebase.components:com.google.firebase.messaging.ktx.FirebaseMessagingKtxRegistrar"
188-->[com.google.firebase:firebase-messaging-ktx:22.0.0] AndroidManifest.xml:30:17-126
189                android:value="com.google.firebase.components.ComponentRegistrar" />
189-->[com.google.firebase:firebase-messaging-ktx:22.0.0] AndroidManifest.xml:31:17-82
190            <meta-data
190-->[com.google.firebase:firebase-common-ktx:20.0.0] AndroidManifest.xml:15:13-17:85
191                android:name="com.google.firebase.components:com.google.firebase.ktx.FirebaseCommonKtxRegistrar"
191-->[com.google.firebase:firebase-common-ktx:20.0.0] AndroidManifest.xml:16:17-113
192                android:value="com.google.firebase.components.ComponentRegistrar" />
192-->[com.google.firebase:firebase-common-ktx:20.0.0] AndroidManifest.xml:17:17-82
193            <meta-data
193-->[com.google.firebase:firebase-firestore:23.0.1] AndroidManifest.xml:20:13-22:85
194                android:name="com.google.firebase.components:com.google.firebase.firestore.FirestoreRegistrar"
194-->[com.google.firebase:firebase-firestore:23.0.1] AndroidManifest.xml:21:17-111
195                android:value="com.google.firebase.components.ComponentRegistrar" />
195-->[com.google.firebase:firebase-firestore:23.0.1] AndroidManifest.xml:22:17-82
196            <meta-data
196-->[com.google.firebase:firebase-auth:21.0.1] AndroidManifest.xml:77:13-79:85
197                android:name="com.google.firebase.components:com.google.firebase.auth.FirebaseAuthRegistrar"
197-->[com.google.firebase:firebase-auth:21.0.1] AndroidManifest.xml:78:17-109
198                android:value="com.google.firebase.components.ComponentRegistrar" />
198-->[com.google.firebase:firebase-auth:21.0.1] AndroidManifest.xml:79:17-82
199            <meta-data
199-->[com.google.firebase:firebase-messaging:22.0.0] AndroidManifest.xml:52:13-54:85
200                android:name="com.google.firebase.components:com.google.firebase.messaging.FirebaseMessagingRegistrar"
200-->[com.google.firebase:firebase-messaging:22.0.0] AndroidManifest.xml:53:17-119
201                android:value="com.google.firebase.components.ComponentRegistrar" />
201-->[com.google.firebase:firebase-messaging:22.0.0] AndroidManifest.xml:54:17-82
202            <meta-data
202-->[com.google.firebase:firebase-storage:20.0.0] AndroidManifest.xml:33:13-35:85
203                android:name="com.google.firebase.components:com.google.firebase.storage.StorageRegistrar"
203-->[com.google.firebase:firebase-storage:20.0.0] AndroidManifest.xml:34:17-107
204                android:value="com.google.firebase.components.ComponentRegistrar" />
204-->[com.google.firebase:firebase-storage:20.0.0] AndroidManifest.xml:35:17-82
205            <meta-data
205-->[com.google.firebase:firebase-datatransport:18.0.0] AndroidManifest.xml:28:13-30:85
206                android:name="com.google.firebase.components:com.google.firebase.datatransport.TransportRegistrar"
206-->[com.google.firebase:firebase-datatransport:18.0.0] AndroidManifest.xml:29:17-115
207                android:value="com.google.firebase.components.ComponentRegistrar" />
207-->[com.google.firebase:firebase-datatransport:18.0.0] AndroidManifest.xml:30:17-82
208            <meta-data
208-->[com.google.firebase:firebase-installations:17.0.0] AndroidManifest.xml:18:13-20:85
209                android:name="com.google.firebase.components:com.google.firebase.installations.FirebaseInstallationsRegistrar"
209-->[com.google.firebase:firebase-installations:17.0.0] AndroidManifest.xml:19:17-127
210                android:value="com.google.firebase.components.ComponentRegistrar" />
210-->[com.google.firebase:firebase-installations:17.0.0] AndroidManifest.xml:20:17-82
211        </service>
212
213        <provider
213-->[:firebase_messaging] AndroidManifest.xml:39:9-43:38
214            android:name="io.flutter.plugins.firebase.messaging.FlutterFirebaseMessagingInitProvider"
214-->[:firebase_messaging] AndroidManifest.xml:40:13-102
215            android:authorities="com.xplore24.ekottro.flutterfirebasemessaginginitprovider"
215-->[:firebase_messaging] AndroidManifest.xml:41:13-88
216            android:exported="false"
216-->[:firebase_messaging] AndroidManifest.xml:42:13-37
217            android:initOrder="99" />
217-->[:firebase_messaging] AndroidManifest.xml:43:13-35
218        <provider
218-->[:image_picker] AndroidManifest.xml:8:9-16:20
219            android:name="io.flutter.plugins.imagepicker.ImagePickerFileProvider"
219-->[:image_picker] AndroidManifest.xml:9:13-82
220            android:authorities="com.xplore24.ekottro.flutter.image_provider"
220-->[:image_picker] AndroidManifest.xml:10:13-74
221            android:exported="false"
221-->[:image_picker] AndroidManifest.xml:11:13-37
222            android:grantUriPermissions="true" >
222-->[:image_picker] AndroidManifest.xml:12:13-47
223            <meta-data
223-->[:image_picker] AndroidManifest.xml:13:13-15:75
224                android:name="android.support.FILE_PROVIDER_PATHS"
224-->[:image_picker] AndroidManifest.xml:14:17-67
225                android:resource="@xml/flutter_image_picker_file_paths" />
225-->[:image_picker] AndroidManifest.xml:15:17-72
226        </provider>
227        <provider
227-->[:flutter_webview_plugin] AndroidManifest.xml:9:9-18:20
228            android:name="androidx.core.content.FileProvider"
228-->[:flutter_webview_plugin] AndroidManifest.xml:10:13-62
229            android:authorities="com.xplore24.ekottro.fileprovider"
229-->[:flutter_webview_plugin] AndroidManifest.xml:11:13-64
230            android:exported="false"
230-->[:flutter_webview_plugin] AndroidManifest.xml:12:13-37
231            android:grantUriPermissions="true" >
231-->[:flutter_webview_plugin] AndroidManifest.xml:13:13-47
232            <meta-data
232-->[:image_picker] AndroidManifest.xml:13:13-15:75
233                android:name="android.support.FILE_PROVIDER_PATHS"
233-->[:image_picker] AndroidManifest.xml:14:17-67
234                android:resource="@xml/filepaths" />
234-->[:image_picker] AndroidManifest.xml:15:17-72
235        </provider>
236        <provider
236-->[:share] AndroidManifest.xml:8:9-16:20
237            android:name="io.flutter.plugins.share.ShareFileProvider"
237-->[:share] AndroidManifest.xml:9:13-70
238            android:authorities="com.xplore24.ekottro.flutter.share_provider"
238-->[:share] AndroidManifest.xml:10:13-74
239            android:exported="false"
239-->[:share] AndroidManifest.xml:11:13-37
240            android:grantUriPermissions="true" >
240-->[:share] AndroidManifest.xml:12:13-47
241            <meta-data
241-->[:image_picker] AndroidManifest.xml:13:13-15:75
242                android:name="android.support.FILE_PROVIDER_PATHS"
242-->[:image_picker] AndroidManifest.xml:14:17-67
243                android:resource="@xml/flutter_share_file_paths" />
243-->[:image_picker] AndroidManifest.xml:15:17-72
244        </provider>
245        <!--
246        <service
247            android:name=".services.firebase.FCMService"
248            android:exported="false">
249            <intent-filter>
250                <action android:name="com.google.firebase.MESSAGING_EVENT"/>
251            </intent-filter>
252        </service>
253
254        <service
255            android:name=".services.AutoCancelService"
256            android:stopWithTask="true" />
257
258        <meta-data android:name="firebase_messaging_auto_init_enabled" android:value="true" />
259
260        <meta-data
261            android:name="com.google.firebase.messaging.default_notification_channel_id"
262            android:value="me.carda.awesome_notifications.firebase.background_channel"/>
263        -->
264        <receiver android:name="me.carda.awesome_notifications.notifications.broadcastReceivers.DismissedNotificationReceiver" />
264-->[:awesome_notifications] AndroidManifest.xml:41:9-130
264-->[:awesome_notifications] AndroidManifest.xml:41:19-127
265        <receiver android:name="me.carda.awesome_notifications.notifications.broadcastReceivers.ScheduledNotificationReceiver" />
265-->[:awesome_notifications] AndroidManifest.xml:42:9-130
265-->[:awesome_notifications] AndroidManifest.xml:42:19-127
266        <receiver android:name="me.carda.awesome_notifications.notifications.broadcastReceivers.KeepOnTopActionReceiver" />
266-->[:awesome_notifications] AndroidManifest.xml:43:9-124
266-->[:awesome_notifications] AndroidManifest.xml:43:19-121
267        <receiver android:name="me.carda.awesome_notifications.notifications.broadcastReceivers.RefreshNotificationBootReceiver" >
267-->[:awesome_notifications] AndroidManifest.xml:44:9-54:20
267-->[:awesome_notifications] AndroidManifest.xml:44:19-129
268            <intent-filter>
268-->[:awesome_notifications] AndroidManifest.xml:45:13-53:29
269                <category android:name="android.intent.category.DEFAULT" />
269-->src\main\AndroidManifest.xml:62:17-76
269-->src\main\AndroidManifest.xml:62:27-73
270
271                <action android:name="android.intent.action.BOOT_COMPLETED" />
271-->[:awesome_notifications] AndroidManifest.xml:48:17-79
271-->[:awesome_notifications] AndroidManifest.xml:48:25-76
272                <action android:name="android.intent.action.LOCKED_BOOT_COMPLETED" />
272-->[:awesome_notifications] AndroidManifest.xml:49:17-86
272-->[:awesome_notifications] AndroidManifest.xml:49:25-83
273                <action android:name="android.intent.action.MY_PACKAGE_REPLACED" />
273-->[:awesome_notifications] AndroidManifest.xml:50:17-84
273-->[:awesome_notifications] AndroidManifest.xml:50:25-81
274                <action android:name="android.intent.action.QUICKBOOT_POWERON" />
274-->[:awesome_notifications] AndroidManifest.xml:51:17-82
274-->[:awesome_notifications] AndroidManifest.xml:51:25-79
275                <action android:name="com.htc.intent.action.QUICKBOOT_POWERON" />
275-->[:awesome_notifications] AndroidManifest.xml:52:17-82
275-->[:awesome_notifications] AndroidManifest.xml:52:25-79
276            </intent-filter>
277        </receiver>
278        <receiver android:name="androidx.media.session.MediaButtonReceiver" >
278-->[:awesome_notifications] AndroidManifest.xml:55:9-59:20
278-->[:awesome_notifications] AndroidManifest.xml:55:19-76
279            <intent-filter>
279-->[:awesome_notifications] AndroidManifest.xml:56:13-58:29